<?xml version="1.0" encoding="UTF-8" standalone="no"?>
<testsuite failures="0" name="cucumber.runtime.formatter.JUnitFormatter" skipped="0" tests="1" time="8.006667">
<testcase classname="NopCommerce Registration" name="NopCommerce Valid Registration Test" time="8.006667">
<system-out><![CDATA[When User Click on register link............................................passed
And User on register page and verify register page title....................passed
Then User enter registration details........................................passed
]]></system-out>
</testcase>
</testsuite>
